Performing C SOURCE FILE Test CMAKE_HAVE_LIBC_PTHREAD failed with the following output:
Change Dir: /media/yang/momenta/momenta/project/test/gtestpractise/prac1/build/CMakeFiles/CMakeTmp

Run Build Command(s):/usr/bin/make cmTC_901a5/fast && /usr/bin/make  -f CMakeFiles/cmTC_901a5.dir/build.make CMakeFiles/cmTC_901a5.dir/build
make[1]: Entering directory '/media/yang/momenta/momenta/project/test/gtestpractise/prac1/build/CMakeFiles/CMakeTmp'
Building C object CMakeFiles/cmTC_901a5.dir/src.c.o
/usr/bin/gcc -DCMAKE_HAVE_LIBC_PTHREAD   -o CMakeFiles/cmTC_901a5.dir/src.c.o -c /media/yang/momenta/momenta/project/test/gtestpractise/prac1/build/CMakeFiles/CMakeTmp/src.c
Linking C executable cmTC_901a5
/usr/local/bin/cmake -E cmake_link_script CMakeFiles/cmTC_901a5.dir/link.txt --verbose=1
/usr/bin/gcc CMakeFiles/cmTC_901a5.dir/src.c.o -o cmTC_901a5 
CMakeFiles/cmTC_901a5.dir/src.c.o: In function `main':
src.c:(.text+0x3e): undefined reference to `pthread_create'
src.c:(.text+0x4a): undefined reference to `pthread_detach'
src.c:(.text+0x56): undefined reference to `pthread_cancel'
src.c:(.text+0x67): undefined reference to `pthread_join'
src.c:(.text+0x7b): undefined reference to `pthread_atfork'
collect2: error: ld returned 1 exit status
CMakeFiles/cmTC_901a5.dir/build.make:105: recipe for target 'cmTC_901a5' failed
make[1]: *** [cmTC_901a5] Error 1
make[1]: Leaving directory '/media/yang/momenta/momenta/project/test/gtestpractise/prac1/build/CMakeFiles/CMakeTmp'
Makefile:140: recipe for target 'cmTC_901a5/fast' failed
make: *** [cmTC_901a5/fast] Error 2


Source file was:
#include <pthread.h>

static void* test_func(void* data)
{
  return data;
}

int main(void)
{
  pthread_t thread;
  pthread_create(&thread, NULL, test_func, NULL);
  pthread_detach(thread);
  pthread_cancel(thread);
  pthread_join(thread, NULL);
  pthread_atfork(NULL, NULL, NULL);
  pthread_exit(NULL);

  return 0;
}

Determining if the function pthread_create exists in the pthreads failed with the following output:
Change Dir: /media/yang/momenta/momenta/project/test/gtestpractise/prac1/build/CMakeFiles/CMakeTmp

Run Build Command(s):/usr/bin/make cmTC_9cf83/fast && /usr/bin/make  -f CMakeFiles/cmTC_9cf83.dir/build.make CMakeFiles/cmTC_9cf83.dir/build
make[1]: Entering directory '/media/yang/momenta/momenta/project/test/gtestpractise/prac1/build/CMakeFiles/CMakeTmp'
Building C object CMakeFiles/cmTC_9cf83.dir/CheckFunctionExists.c.o
/usr/bin/gcc   -DCHECK_FUNCTION_EXISTS=pthread_create -o CMakeFiles/cmTC_9cf83.dir/CheckFunctionExists.c.o -c /usr/local/share/cmake-3.19/Modules/CheckFunctionExists.c
Linking C executable cmTC_9cf83
/usr/local/bin/cmake -E cmake_link_script CMakeFiles/cmTC_9cf83.dir/link.txt --verbose=1
/usr/bin/gcc  -DCHECK_FUNCTION_EXISTS=pthread_create CMakeFiles/cmTC_9cf83.dir/CheckFunctionExists.c.o -o cmTC_9cf83  -lpthreads 
/usr/bin/ld: cannot find -lpthreads
collect2: error: ld returned 1 exit status
CMakeFiles/cmTC_9cf83.dir/build.make:105: recipe for target 'cmTC_9cf83' failed
make[1]: *** [cmTC_9cf83] Error 1
make[1]: Leaving directory '/media/yang/momenta/momenta/project/test/gtestpractise/prac1/build/CMakeFiles/CMakeTmp'
Makefile:140: recipe for target 'cmTC_9cf83/fast' failed
make: *** [cmTC_9cf83/fast] Error 2



